c:\github\repository\brightlight\brightlight_raytracer\brightlight_raytracer\debug\vc120.pdb
c:\github\repository\brightlight\brightlight_raytracer\brightlight_raytracer\debug\vc120.idb
c:\github\repository\brightlight\brightlight_raytracer\brightlight_raytracer\debug\camera.obj
c:\github\repository\brightlight\brightlight_raytracer\brightlight_raytracer\debug\imagebmp.obj
c:\github\repository\brightlight\brightlight_raytracer\brightlight_raytracer\debug\main.obj
c:\github\repository\brightlight\brightlight_raytracer\brightlight_raytracer\debug\matrix.obj
c:\github\repository\brightlight\brightlight_raytracer\brightlight_raytracer\debug\plane.obj
c:\github\repository\brightlight\brightlight_raytracer\brightlight_raytracer\debug\ray.obj
c:\github\repository\brightlight\brightlight_raytracer\brightlight_raytracer\debug\raytracer.obj
c:\github\repository\brightlight\brightlight_raytracer\brightlight_raytracer\debug\raytracingobject.obj
c:\github\repository\brightlight\brightlight_raytracer\brightlight_raytracer\debug\rgb.obj
c:\github\repository\brightlight\brightlight_raytracer\brightlight_raytracer\debug\sphere.obj
c:\github\repository\brightlight\brightlight_raytracer\brightlight_raytracer\debug\vector.obj
c:\github\repository\brightlight\brightlight_raytracer\debug\brightlight_raytracer.ilk
c:\github\repository\brightlight\brightlight_raytracer\debug\brightlight_raytracer.exe
c:\github\repository\brightlight\brightlight_raytracer\debug\brightlight_raytracer.pdb
c:\github\repository\brightlight\brightlight_raytracer\brightlight_raytracer\debug\brightli.b173db56.tlog\cl.command.1.tlog
c:\github\repository\brightlight\brightlight_raytracer\brightlight_raytracer\debug\brightli.b173db56.tlog\cl.read.1.tlog
c:\github\repository\brightlight\brightlight_raytracer\brightlight_raytracer\debug\brightli.b173db56.tlog\cl.write.1.tlog
c:\github\repository\brightlight\brightlight_raytracer\brightlight_raytracer\debug\brightli.b173db56.tlog\link.command.1.tlog
c:\github\repository\brightlight\brightlight_raytracer\brightlight_raytracer\debug\brightli.b173db56.tlog\link.read.1.tlog
c:\github\repository\brightlight\brightlight_raytracer\brightlight_raytracer\debug\brightli.b173db56.tlog\link.write.1.tlog
