Build started 6/23/2016 3:00:48 PM.
     1>Project "C:\Users\mz7bf2\Downloads\brightlight-master\brightlight_raytracer\brightlight_raytracer\brightlight_raytracer.vcxproj" on node 2 (Build target(s)).
     1>ClCompile:
         C:\Program Files (x86)\Microsoft Visual Studio 12.0\VC\bin\CL.exe /c /Zi /nologo /W3 /WX- /O2 /Oi /Oy- /GL /D WIN32 /D NDEBUG /D _CONSOLE /D _LIB /D _UNICODE /D UNICODE /Gm- /EHsc /MD /GS /Gy /fp:precise /Zc:wchar_t /Zc:forScope /Fo"Release\\" /Fd"Release\vc120.pdb" /Gd /TP /analyze- /errorReport:prompt Camera.cpp ImageBMP.cpp Plane.cpp Point_2D.cpp RGB.cpp Ray.cpp RayTracer.cpp RaytracingObject.cpp Sample.cpp Sphere.cpp Vector.cpp main.cpp matrix.cpp
         Camera.cpp
         ImageBMP.cpp
         Plane.cpp
         Point_2D.cpp
         RGB.cpp
         Ray.cpp
         RayTracer.cpp
     1>RayTracer.cpp(126): warning C4244: 'argument' : conversion from 'double' to 'unsigned char', possible loss of data
         RaytracingObject.cpp
         Sample.cpp
         Sphere.cpp
         Vector.cpp
         main.cpp
         matrix.cpp
       Link:
         C:\Program Files (x86)\Microsoft Visual Studio 12.0\VC\bin\link.exe /ERRORREPORT:PROMPT /OUT:"C:\Users\mz7bf2\Downloads\brightlight-master\brightlight_raytracer\Release\brightlight_raytracer.exe" /INCREMENTAL:NO /NOLOGO kernel32.lib user32.lib gdi32.lib winspool.lib comdlg32.lib advapi32.lib shell32.lib ole32.lib oleaut32.lib uuid.lib odbc32.lib odbccp32.lib /MANIFEST /MANIFESTUAC:"level='asInvoker' uiAccess='false'" /manifest:embed /DEBUG /PDB:"C:\Users\mz7bf2\Downloads\brightlight-master\brightlight_raytracer\Release\brightlight_raytracer.pdb" /SUBSYSTEM:CONSOLE /OPT:REF /OPT:ICF /LTCG /TLBID:1 /DYNAMICBASE /NXCOMPAT /IMPLIB:"C:\Users\mz7bf2\Downloads\brightlight-master\brightlight_raytracer\Release\brightlight_raytracer.lib" /MACHINE:X86 /SAFESEH Release\Camera.obj
         Release\ImageBMP.obj
         Release\main.obj
         Release\matrix.obj
         Release\Plane.obj
         Release\Point_2D.obj
         Release\Ray.obj
         Release\RayTracer.obj
         Release\RaytracingObject.obj
         Release\RGB.obj
         Release\Sample.obj
         Release\Sphere.obj
         Release\Vector.obj
         Generating code
         Finished generating code
         brightlight_raytracer.vcxproj -> C:\Users\mz7bf2\Downloads\brightlight-master\brightlight_raytracer\Release\brightlight_raytracer.exe
     1>Done Building Project "C:\Users\mz7bf2\Downloads\brightlight-master\brightlight_raytracer\brightlight_raytracer\brightlight_raytracer.vcxproj" (Build target(s)).

Build succeeded.

Time Elapsed 00:00:07.03
